Determining if the pthread_create exist failed with the following output:
Change Dir: /home/zzyjordan/ryan_do_not_touch/build/CMakeFiles/CMakeTmp

Run Build Command:"/usr/bin/make" "cmTC_37bdd/fast"
/usr/bin/make -f CMakeFiles/cmTC_37bdd.dir/build.make CMakeFiles/cmTC_37bdd.dir/build
make[1]: Entering directory '/home/zzyjordan/ryan_do_not_touch/build/CMakeFiles/CMakeTmp'
Building C object CMakeFiles/cmTC_37bdd.dir/CheckSymbolExists.c.o
/usr/bin/cc    -o CMakeFiles/cmTC_37bdd.dir/CheckSymbolExists.c.o   -c /home/zzyjordan/ryan_do_not_touch/build/CMakeFiles/CMakeTmp/CheckSymbolExists.c
Linking C executable cmTC_37bdd
/usr/bin/cmake -E cmake_link_script CMakeFiles/cmTC_37bdd.dir/link.txt --verbose=1
/usr/bin/cc      -rdynamic CMakeFiles/cmTC_37bdd.dir/CheckSymbolExists.c.o  -o cmTC_37bdd 
CMakeFiles/cmTC_37bdd.dir/CheckSymbolExists.c.o: In function `main':
CheckSymbolExists.c:(.text+0x1b): undefined reference to `pthread_create'
collect2: error: ld returned 1 exit status
CMakeFiles/cmTC_37bdd.dir/build.make:97: recipe for target 'cmTC_37bdd' failed
make[1]: *** [cmTC_37bdd] Error 1
make[1]: Leaving directory '/home/zzyjordan/ryan_do_not_touch/build/CMakeFiles/CMakeTmp'
Makefile:126: recipe for target 'cmTC_37bdd/fast' failed
make: *** [cmTC_37bdd/fast] Error 2

File /home/zzyjordan/ryan_do_not_touch/build/CMakeFiles/CMakeTmp/CheckSymbolExists.c:
/* */
#include <pthread.h>

int main(int argc, char** argv)
{
  (void)argv;
#ifndef pthread_create
  return ((int*)(&pthread_create))[argc];
#else
  (void)argc;
  return 0;
#endif
}

Determining if the function pthread_create exists in the pthreads failed with the following output:
Change Dir: /home/zzyjordan/ryan_do_not_touch/build/CMakeFiles/CMakeTmp

Run Build Command:"/usr/bin/make" "cmTC_425ee/fast"
/usr/bin/make -f CMakeFiles/cmTC_425ee.dir/build.make CMakeFiles/cmTC_425ee.dir/build
make[1]: Entering directory '/home/zzyjordan/ryan_do_not_touch/build/CMakeFiles/CMakeTmp'
Building C object CMakeFiles/cmTC_425ee.dir/CheckFunctionExists.c.o
/usr/bin/cc   -DCHECK_FUNCTION_EXISTS=pthread_create   -o CMakeFiles/cmTC_425ee.dir/CheckFunctionExists.c.o   -c /usr/share/cmake-3.10/Modules/CheckFunctionExists.c
Linking C executable cmTC_425ee
/usr/bin/cmake -E cmake_link_script CMakeFiles/cmTC_425ee.dir/link.txt --verbose=1
/usr/bin/cc  -DCHECK_FUNCTION_EXISTS=pthread_create    -rdynamic CMakeFiles/cmTC_425ee.dir/CheckFunctionExists.c.o  -o cmTC_425ee -lpthreads 
/usr/bin/ld: cannot find -lpthreads
collect2: error: ld returned 1 exit status
CMakeFiles/cmTC_425ee.dir/build.make:97: recipe for target 'cmTC_425ee' failed
make[1]: *** [cmTC_425ee] Error 1
make[1]: Leaving directory '/home/zzyjordan/ryan_do_not_touch/build/CMakeFiles/CMakeTmp'
Makefile:126: recipe for target 'cmTC_425ee/fast' failed
make: *** [cmTC_425ee/fast] Error 2


